Using pre-set license
Built from '2020.3/staging' branch; Version is '2020.3.0f1 (c7b5465681fb) revision 13088070'; Using compiler version '192528614'; Build Type 'Release'
OS: 'Windows 10 Education; OS build 19044.1526; Version 2009; 64bit' Language: 'pt' Physical Memory: 16344 MB
BatchMode: 1, IsHumanControllingUs: 0, StartBugReporterOnCrash: 0, Is64bit: 1, IsPro: 0

 COMMAND LINE ARGUMENTS:
C:\Program Files\Unity\Hub\Editor\2020.3.0f1\Editor\Unity.exe
-adb2
-batchMode
-noUpm
-name
AssetImportWorker0
-projectPath
C:/Users/Gustavo/Desafio X Sidequest XP
-logFile
Logs/AssetImportWorker0.log
-srvPort
55793
Successfully changed project path to: C:/Users/Gustavo/Desafio X Sidequest XP
C:/Users/Gustavo/Desafio X Sidequest XP
Using Asset Import Pipeline V2.
Refreshing native plugins compatible for Editor in 119.39 ms, found 3 plugins.
Preloading 0 native plugins for Editor in 0.00 ms.
Initialize engine version: 2020.3.0f1 (c7b5465681fb)
[Subsystems] Discovering subsystems at path C:/Program Files/Unity/Hub/Editor/2020.3.0f1/Editor/Data/Resources/UnitySubsystems
[Subsystems] Discovering subsystems at path C:/Users/Gustavo/Desafio X Sidequest XP/Assets
GfxDevice: creating device client; threaded=0
Direct3D:
    Version:  Direct3D 11.0 [level 11.1]
    Renderer: NVIDIA GeForce GTX 1060 6GB (ID=0x1c03)
    Vendor:   
    VRAM:     6052 MB
    Driver:   30.0.14.9729
Shader 'WFX/Transparent Specular': fallback shader 'Particles/Alpha Blended' not found
Shader 'WFX/Transparent Diffuse': fallback shader 'Particles/Alpha Blended' not found
Shader 'Universal Render Pipeline/Particles/Lit': fallback shader 'Universal Render Pipeline/Particles/SimpleLit' not found
Initialize mono
Mono path[0] = 'C:/Program Files/Unity/Hub/Editor/2020.3.0f1/Editor/Data/Managed'
Mono path[1] = 'C:/Program Files/Unity/Hub/Editor/2020.3.0f1/Editor/Data/MonoBleedingEdge/lib/mono/unityjit'
Mono config path = 'C:/Program Files/Unity/Hub/Editor/2020.3.0f1/Editor/Data/MonoBleedingEdge/etc'
Using monoOptions --debugger-agent=transport=dt_socket,embedding=1,server=y,suspend=n,address=127.0.0.1:56720
Begin MonoManager ReloadAssembly
Registering precompiled unity dll's ...
Register platform support module: C:/Program Files/Unity/Hub/Editor/2020.3.0f1/Editor/Data/PlaybackEngines/WebGLSupport/UnityEditor.WebGL.Extensions.dll
Register platform support module: C:/Program Files/Unity/Hub/Editor/2020.3.0f1/Editor/Data/PlaybackEngines/WindowsStandaloneSupport/UnityEditor.WindowsStandalone.Extensions.dll
Registered in 0.004012 seconds.
Native extension for WindowsStandalone target not found
Native extension for WebGL target not found
Refreshing native plugins compatible for Editor in 103.41 ms, found 3 plugins.
Preloading 0 native plugins for Editor in 0.00 ms.
Invoked RoslynAnalysisRunner static constructor.
RoslynAnalysisRunner will not be running.
RoslynAnalysisRunner has terminated.
Mono: successfully reloaded assembly
- Completed reload, in  2.452 seconds
Platform modules already initialized, skipping
Registering precompiled user dll's ...
Registered in 0.013742 seconds.
Begin MonoManager ReloadAssembly
Native extension for WindowsStandalone target not found
Native extension for WebGL target not found
Refreshing native plugins compatible for Editor in 81.96 ms, found 3 plugins.
Preloading 0 native plugins for Editor in 0.00 ms.
Invoked RoslynAnalysisRunner static constructor.
RoslynAnalysisRunner will not be running.
RoslynAnalysisRunner has terminated.
Mono: successfully reloaded assembly
- Completed reload, in  1.677 seconds
Platform modules already initialized, skipping
========================================================================
Worker process is ready to serve import requests
Shader 'WFX/Transparent Diffuse': fallback shader 'Particles/Alpha Blended' not found
Shader 'Universal Render Pipeline/Particles/Lit': fallback shader 'Universal Render Pipeline/Particles/SimpleLit' not found
Shader 'WFX/Transparent Specular': fallback shader 'Particles/Alpha Blended' not found
Launched and connected shader compiler UnityShaderCompiler.exe after 0.05 seconds
Refreshing native plugins compatible for Editor in 1.07 ms, found 3 plugins.
Preloading 0 native plugins for Editor in 0.00 ms.
Unloading 3319 Unused Serialized files (Serialized files now loaded: 0)
System memory in use before: 145.4 MB.
System memory in use after: 145.5 MB.

Unloading 38 unused Assets to reduce memory usage. Loaded Objects now: 3772.
Total: 3.740900 ms (FindLiveObjects: 0.395100 ms CreateObjectMapping: 0.243300 ms MarkObjects: 2.969600 ms  DeleteObjects: 0.131500 ms)

========================================================================
Received Import Request.
  path: Assets/TextMesh Pro/Resources/Fonts & Materials/LiberationSans SDF - Outline.mat
  artifactKey: Guid(79459efec17a4d00a321bdcc27bbc385) Importer(815301076,1909f56bfc062723c751e8b465ee728b)
Start importing Assets/TextMesh Pro/Resources/Fonts & Materials/LiberationSans SDF - Outline.mat using Guid(79459efec17a4d00a321bdcc27bbc385) Importer(815301076,1909f56bfc062723c751e8b465ee728b)  -> (artifact id: 'f01a227c51a1b79ce18b71d7f2911b47') in 0.395328 seconds
  Import took 0.401694 seconds .

========================================================================
Received Import Request.
  Time since last request: 0.000267 seconds.
  path: Assets/TextMesh Pro/Resources/Fonts & Materials/LiberationSans SDF - Fallback.asset
  artifactKey: Guid(2e498d1c8094910479dc3e1b768306a4) Importer(815301076,1909f56bfc062723c751e8b465ee728b)
Start importing Assets/TextMesh Pro/Resources/Fonts & Materials/LiberationSans SDF - Fallback.asset using Guid(2e498d1c8094910479dc3e1b768306a4) Importer(815301076,1909f56bfc062723c751e8b465ee728b)  -> (artifact id: '333b5c202132653b1ae80ff6b8a6c037') in 0.063883 seconds
  Import took 0.069504 seconds .

========================================================================
Received Import Request.
  Time since last request: 0.000242 seconds.
  path: Assets/TextMesh Pro/Resources/Fonts & Materials/LiberationSans SDF - Drop Shadow.mat
  artifactKey: Guid(e73a58f6e2794ae7b1b7e50b7fb811b0) Importer(815301076,1909f56bfc062723c751e8b465ee728b)
Start importing Assets/TextMesh Pro/Resources/Fonts & Materials/LiberationSans SDF - Drop Shadow.mat using Guid(e73a58f6e2794ae7b1b7e50b7fb811b0) Importer(815301076,1909f56bfc062723c751e8b465ee728b)  -> (artifact id: 'f286ce4c038c7cb44f870c8880997fd3') in 0.075880 seconds
  Import took 0.098523 seconds .

========================================================================
Received Import Request.
  Time since last request: 0.000246 seconds.
  path: Assets/TextMesh Pro/Resources/Fonts & Materials/LiberationSans SDF.asset
  artifactKey: Guid(8f586378b4e144a9851e7b34d9b748ee) Importer(815301076,1909f56bfc062723c751e8b465ee728b)
Start importing Assets/TextMesh Pro/Resources/Fonts & Materials/LiberationSans SDF.asset using Guid(8f586378b4e144a9851e7b34d9b748ee) Importer(815301076,1909f56bfc062723c751e8b465ee728b)  -> (artifact id: '02d670c6982fa3df2c84cd1119450c9d') in 0.045542 seconds
  Import took 0.051203 seconds .

========================================================================
Received Prepare
Registering precompiled user dll's ...
Registered in 0.010553 seconds.
Begin MonoManager ReloadAssembly
Native extension for WindowsStandalone target not found
Native extension for WebGL target not found
Refreshing native plugins compatible for Editor in 0.81 ms, found 3 plugins.
Preloading 0 native plugins for Editor in 0.00 ms.
Invoked RoslynAnalysisRunner static constructor.
RoslynAnalysisRunner will not be running.
RoslynAnalysisRunner has terminated.
Mono: successfully reloaded assembly
- Completed reload, in  1.397 seconds
Platform modules already initialized, skipping
Shader 'WFX/Transparent Diffuse': fallback shader 'Particles/Alpha Blended' not found
Shader 'Universal Render Pipeline/Particles/Lit': fallback shader 'Universal Render Pipeline/Particles/SimpleLit' not found
Shader 'WFX/Transparent Specular': fallback shader 'Particles/Alpha Blended' not found
Refreshing native plugins compatible for Editor in 1.31 ms, found 3 plugins.
Preloading 0 native plugins for Editor in 0.00 ms.
Unloading 3184 Unused Serialized files (Serialized files now loaded: 0)
System memory in use before: 143.0 MB.
System memory in use after: 143.1 MB.

Unloading 26 unused Assets to reduce memory usage. Loaded Objects now: 3858.
Total: 5.750500 ms (FindLiveObjects: 0.320300 ms CreateObjectMapping: 0.213200 ms MarkObjects: 5.023500 ms  DeleteObjects: 0.191900 ms)

========================================================================
Received Prepare
Registering precompiled user dll's ...
Registered in 0.008299 seconds.
Begin MonoManager ReloadAssembly
Native extension for WindowsStandalone target not found
Native extension for WebGL target not found
Refreshing native plugins compatible for Editor in 1.19 ms, found 3 plugins.
Preloading 0 native plugins for Editor in 0.00 ms.
Invoked RoslynAnalysisRunner static constructor.
RoslynAnalysisRunner will not be running.
RoslynAnalysisRunner has terminated.
Mono: successfully reloaded assembly
- Completed reload, in  1.476 seconds
Platform modules already initialized, skipping
Shader 'WFX/Transparent Diffuse': fallback shader 'Particles/Alpha Blended' not found
Shader 'Universal Render Pipeline/Particles/Lit': fallback shader 'Universal Render Pipeline/Particles/SimpleLit' not found
Shader 'WFX/Transparent Specular': fallback shader 'Particles/Alpha Blended' not found
Refreshing native plugins compatible for Editor in 0.79 ms, found 3 plugins.
Preloading 0 native plugins for Editor in 0.00 ms.
Unloading 3184 Unused Serialized files (Serialized files now loaded: 0)
System memory in use before: 143.0 MB.
System memory in use after: 143.1 MB.

Unloading 26 unused Assets to reduce memory usage. Loaded Objects now: 3862.
Total: 4.268200 ms (FindLiveObjects: 0.333400 ms CreateObjectMapping: 0.182300 ms MarkObjects: 3.622300 ms  DeleteObjects: 0.128400 ms)

========================================================================
Received Prepare
Registering precompiled user dll's ...
Registered in 0.007783 seconds.
Begin MonoManager ReloadAssembly
Native extension for WindowsStandalone target not found
Native extension for WebGL target not found
Refreshing native plugins compatible for Editor in 0.87 ms, found 3 plugins.
Preloading 0 native plugins for Editor in 0.00 ms.
Invoked RoslynAnalysisRunner static constructor.
RoslynAnalysisRunner will not be running.
RoslynAnalysisRunner has terminated.
Mono: successfully reloaded assembly
- Completed reload, in  1.570 seconds
Platform modules already initialized, skipping
Shader 'WFX/Transparent Diffuse': fallback shader 'Particles/Alpha Blended' not found
Shader 'Universal Render Pipeline/Particles/Lit': fallback shader 'Universal Render Pipeline/Particles/SimpleLit' not found
Shader 'WFX/Transparent Specular': fallback shader 'Particles/Alpha Blended' not found
Refreshing native plugins compatible for Editor in 0.88 ms, found 3 plugins.
Preloading 0 native plugins for Editor in 0.00 ms.
Unloading 3184 Unused Serialized files (Serialized files now loaded: 0)
System memory in use before: 143.1 MB.
System memory in use after: 143.2 MB.

Unloading 26 unused Assets to reduce memory usage. Loaded Objects now: 3866.
Total: 5.306900 ms (FindLiveObjects: 0.468800 ms CreateObjectMapping: 0.271300 ms MarkObjects: 4.349200 ms  DeleteObjects: 0.215800 ms)

========================================================================
Received Prepare
Registering precompiled user dll's ...
Registered in 0.008054 seconds.
Begin MonoManager ReloadAssembly
Native extension for WindowsStandalone target not found
Native extension for WebGL target not found
Refreshing native plugins compatible for Editor in 0.66 ms, found 3 plugins.
Preloading 0 native plugins for Editor in 0.00 ms.
Invoked RoslynAnalysisRunner static constructor.
RoslynAnalysisRunner will not be running.
RoslynAnalysisRunner has terminated.
Mono: successfully reloaded assembly
- Completed reload, in  1.256 seconds
Platform modules already initialized, skipping
Shader 'WFX/Transparent Diffuse': fallback shader 'Particles/Alpha Blended' not found
Shader 'Universal Render Pipeline/Particles/Lit': fallback shader 'Universal Render Pipeline/Particles/SimpleLit' not found
Shader 'WFX/Transparent Specular': fallback shader 'Particles/Alpha Blended' not found
Refreshing native plugins compatible for Editor in 0.88 ms, found 3 plugins.
Preloading 0 native plugins for Editor in 0.00 ms.
Unloading 3184 Unused Serialized files (Serialized files now loaded: 0)
System memory in use before: 143.1 MB.
System memory in use after: 143.2 MB.

Unloading 26 unused Assets to reduce memory usage. Loaded Objects now: 3870.
Total: 4.949300 ms (FindLiveObjects: 0.369400 ms CreateObjectMapping: 0.235700 ms MarkObjects: 4.190100 ms  DeleteObjects: 0.152600 ms)

========================================================================
Received Prepare
Registering precompiled user dll's ...
Registered in 0.007852 seconds.
Begin MonoManager ReloadAssembly
Native extension for WindowsStandalone target not found
Native extension for WebGL target not found
Refreshing native plugins compatible for Editor in 1.02 ms, found 3 plugins.
Preloading 0 native plugins for Editor in 0.00 ms.
Invoked RoslynAnalysisRunner static constructor.
RoslynAnalysisRunner will not be running.
RoslynAnalysisRunner has terminated.
Mono: successfully reloaded assembly
- Completed reload, in  1.472 seconds
Platform modules already initialized, skipping
Shader 'WFX/Transparent Diffuse': fallback shader 'Particles/Alpha Blended' not found
Shader 'Universal Render Pipeline/Particles/Lit': fallback shader 'Universal Render Pipeline/Particles/SimpleLit' not found
Shader 'WFX/Transparent Specular': fallback shader 'Particles/Alpha Blended' not found
Refreshing native plugins compatible for Editor in 0.92 ms, found 3 plugins.
Preloading 0 native plugins for Editor in 0.00 ms.
Unloading 3184 Unused Serialized files (Serialized files now loaded: 0)
System memory in use before: 143.1 MB.
System memory in use after: 143.2 MB.

Unloading 26 unused Assets to reduce memory usage. Loaded Objects now: 3874.
Total: 6.482700 ms (FindLiveObjects: 0.538600 ms CreateObjectMapping: 0.292400 ms MarkObjects: 5.464500 ms  DeleteObjects: 0.186000 ms)

========================================================================
Received Prepare
Registering precompiled user dll's ...
Registered in 0.007977 seconds.
Begin MonoManager ReloadAssembly
Native extension for WindowsStandalone target not found
Native extension for WebGL target not found
Refreshing native plugins compatible for Editor in 1.34 ms, found 3 plugins.
Preloading 0 native plugins for Editor in 0.00 ms.
Invoked RoslynAnalysisRunner static constructor.
RoslynAnalysisRunner will not be running.
RoslynAnalysisRunner has terminated.
Mono: successfully reloaded assembly
- Completed reload, in  1.502 seconds
Platform modules already initialized, skipping
Shader 'WFX/Transparent Diffuse': fallback shader 'Particles/Alpha Blended' not found
Shader 'Universal Render Pipeline/Particles/Lit': fallback shader 'Universal Render Pipeline/Particles/SimpleLit' not found
Shader 'WFX/Transparent Specular': fallback shader 'Particles/Alpha Blended' not found
Refreshing native plugins compatible for Editor in 0.90 ms, found 3 plugins.
Preloading 0 native plugins for Editor in 0.00 ms.
Unloading 3184 Unused Serialized files (Serialized files now loaded: 0)
System memory in use before: 143.1 MB.
System memory in use after: 143.2 MB.

Unloading 26 unused Assets to reduce memory usage. Loaded Objects now: 3878.
Total: 6.402300 ms (FindLiveObjects: 0.479900 ms CreateObjectMapping: 0.358000 ms MarkObjects: 5.380200 ms  DeleteObjects: 0.182600 ms)

========================================================================
Received Prepare
Registering precompiled user dll's ...
Registered in 0.010995 seconds.
Begin MonoManager ReloadAssembly
Native extension for WindowsStandalone target not found
Native extension for WebGL target not found
Refreshing native plugins compatible for Editor in 1.12 ms, found 3 plugins.
Preloading 0 native plugins for Editor in 0.00 ms.
Invoked RoslynAnalysisRunner static constructor.
RoslynAnalysisRunner will not be running.
RoslynAnalysisRunner has terminated.
Mono: successfully reloaded assembly
- Completed reload, in  1.298 seconds
Platform modules already initialized, skipping
Shader 'WFX/Transparent Diffuse': fallback shader 'Particles/Alpha Blended' not found
Shader 'Universal Render Pipeline/Particles/Lit': fallback shader 'Universal Render Pipeline/Particles/SimpleLit' not found
Shader 'WFX/Transparent Specular': fallback shader 'Particles/Alpha Blended' not found
Refreshing native plugins compatible for Editor in 0.83 ms, found 3 plugins.
Preloading 0 native plugins for Editor in 0.00 ms.
Unloading 3184 Unused Serialized files (Serialized files now loaded: 0)
System memory in use before: 143.1 MB.
System memory in use after: 143.2 MB.

Unloading 26 unused Assets to reduce memory usage. Loaded Objects now: 3882.
Total: 3.514100 ms (FindLiveObjects: 0.446100 ms CreateObjectMapping: 0.203200 ms MarkObjects: 2.750700 ms  DeleteObjects: 0.112600 ms)

========================================================================
Received Prepare
Registering precompiled user dll's ...
Registered in 0.009158 seconds.
Begin MonoManager ReloadAssembly
Native extension for WindowsStandalone target not found
Native extension for WebGL target not found
Refreshing native plugins compatible for Editor in 0.73 ms, found 3 plugins.
Preloading 0 native plugins for Editor in 0.00 ms.
Invoked RoslynAnalysisRunner static constructor.
RoslynAnalysisRunner will not be running.
RoslynAnalysisRunner has terminated.
Mono: successfully reloaded assembly
- Completed reload, in  1.337 seconds
Platform modules already initialized, skipping
Shader 'WFX/Transparent Diffuse': fallback shader 'Particles/Alpha Blended' not found
Shader 'Universal Render Pipeline/Particles/Lit': fallback shader 'Universal Render Pipeline/Particles/SimpleLit' not found
Shader 'WFX/Transparent Specular': fallback shader 'Particles/Alpha Blended' not found
Refreshing native plugins compatible for Editor in 0.83 ms, found 3 plugins.
Preloading 0 native plugins for Editor in 0.00 ms.
Unloading 3184 Unused Serialized files (Serialized files now loaded: 0)
System memory in use before: 143.1 MB.
System memory in use after: 143.2 MB.

Unloading 26 unused Assets to reduce memory usage. Loaded Objects now: 3886.
Total: 2.929700 ms (FindLiveObjects: 0.399800 ms CreateObjectMapping: 0.165300 ms MarkObjects: 2.249200 ms  DeleteObjects: 0.113800 ms)

========================================================================
Received Prepare
Registering precompiled user dll's ...
Registered in 0.012457 seconds.
Begin MonoManager ReloadAssembly
Native extension for WindowsStandalone target not found
Native extension for WebGL target not found
Refreshing native plugins compatible for Editor in 0.69 ms, found 3 plugins.
Preloading 0 native plugins for Editor in 0.00 ms.
Invoked RoslynAnalysisRunner static constructor.
RoslynAnalysisRunner will not be running.
RoslynAnalysisRunner has terminated.
Mono: successfully reloaded assembly
- Completed reload, in  1.242 seconds
Platform modules already initialized, skipping
Shader 'WFX/Transparent Diffuse': fallback shader 'Particles/Alpha Blended' not found
Shader 'Universal Render Pipeline/Particles/Lit': fallback shader 'Universal Render Pipeline/Particles/SimpleLit' not found
Shader 'WFX/Transparent Specular': fallback shader 'Particles/Alpha Blended' not found
Refreshing native plugins compatible for Editor in 0.77 ms, found 3 plugins.
Preloading 0 native plugins for Editor in 0.00 ms.
Unloading 3184 Unused Serialized files (Serialized files now loaded: 0)
System memory in use before: 143.1 MB.
System memory in use after: 143.2 MB.

Unloading 26 unused Assets to reduce memory usage. Loaded Objects now: 3890.
Total: 2.935900 ms (FindLiveObjects: 0.297100 ms CreateObjectMapping: 0.163200 ms MarkObjects: 2.359200 ms  DeleteObjects: 0.115200 ms)

========================================================================
Received Prepare
Registering precompiled user dll's ...
Registered in 0.010403 seconds.
Begin MonoManager ReloadAssembly
Native extension for WindowsStandalone target not found
Native extension for WebGL target not found
Refreshing native plugins compatible for Editor in 0.67 ms, found 3 plugins.
Preloading 0 native plugins for Editor in 0.00 ms.
Invoked RoslynAnalysisRunner static constructor.
RoslynAnalysisRunner will not be running.
RoslynAnalysisRunner has terminated.
Mono: successfully reloaded assembly
- Completed reload, in  1.324 seconds
Platform modules already initialized, skipping
Shader 'WFX/Transparent Diffuse': fallback shader 'Particles/Alpha Blended' not found
Shader 'Universal Render Pipeline/Particles/Lit': fallback shader 'Universal Render Pipeline/Particles/SimpleLit' not found
Shader 'WFX/Transparent Specular': fallback shader 'Particles/Alpha Blended' not found
Refreshing native plugins compatible for Editor in 0.85 ms, found 3 plugins.
Preloading 0 native plugins for Editor in 0.00 ms.
Unloading 3184 Unused Serialized files (Serialized files now loaded: 0)
System memory in use before: 143.1 MB.
System memory in use after: 143.2 MB.

Unloading 26 unused Assets to reduce memory usage. Loaded Objects now: 3894.
Total: 3.640400 ms (FindLiveObjects: 0.324300 ms CreateObjectMapping: 0.201200 ms MarkObjects: 2.925100 ms  DeleteObjects: 0.188600 ms)

========================================================================
Received Prepare
Registering precompiled user dll's ...
Registered in 0.007805 seconds.
Begin MonoManager ReloadAssembly
Native extension for WindowsStandalone target not found
Native extension for WebGL target not found
Refreshing native plugins compatible for Editor in 0.70 ms, found 3 plugins.
Preloading 0 native plugins for Editor in 0.00 ms.
Invoked RoslynAnalysisRunner static constructor.
RoslynAnalysisRunner will not be running.
RoslynAnalysisRunner has terminated.
Mono: successfully reloaded assembly
- Completed reload, in  1.519 seconds
Platform modules already initialized, skipping
Shader 'WFX/Transparent Diffuse': fallback shader 'Particles/Alpha Blended' not found
Shader 'Universal Render Pipeline/Particles/Lit': fallback shader 'Universal Render Pipeline/Particles/SimpleLit' not found
Shader 'WFX/Transparent Specular': fallback shader 'Particles/Alpha Blended' not found
Refreshing native plugins compatible for Editor in 0.96 ms, found 3 plugins.
Preloading 0 native plugins for Editor in 0.00 ms.
Unloading 3184 Unused Serialized files (Serialized files now loaded: 0)
System memory in use before: 143.1 MB.
System memory in use after: 143.3 MB.

Unloading 26 unused Assets to reduce memory usage. Loaded Objects now: 3898.
Total: 4.381300 ms (FindLiveObjects: 0.442700 ms CreateObjectMapping: 0.240000 ms MarkObjects: 3.484500 ms  DeleteObjects: 0.212500 ms)

========================================================================
Received Prepare
Registering precompiled user dll's ...
Registered in 0.008535 seconds.
Begin MonoManager ReloadAssembly
Native extension for WindowsStandalone target not found
Native extension for WebGL target not found
Refreshing native plugins compatible for Editor in 0.72 ms, found 3 plugins.
Preloading 0 native plugins for Editor in 0.00 ms.
Invoked RoslynAnalysisRunner static constructor.
RoslynAnalysisRunner will not be running.
RoslynAnalysisRunner has terminated.
Mono: successfully reloaded assembly
- Completed reload, in  1.562 seconds
Platform modules already initialized, skipping
Shader 'WFX/Transparent Specular': fallback shader 'Particles/Alpha Blended' not found
Shader 'WFX/Transparent Diffuse': fallback shader 'Particles/Alpha Blended' not found
Shader 'Universal Render Pipeline/Particles/Lit': fallback shader 'Universal Render Pipeline/Particles/SimpleLit' not found
Refreshing native plugins compatible for Editor in 1.62 ms, found 3 plugins.
Preloading 0 native plugins for Editor in 0.00 ms.
Unloading 3184 Unused Serialized files (Serialized files now loaded: 0)
System memory in use before: 143.1 MB.
System memory in use after: 143.2 MB.

Unloading 26 unused Assets to reduce memory usage. Loaded Objects now: 3902.
Total: 2.869900 ms (FindLiveObjects: 0.315100 ms CreateObjectMapping: 0.196000 ms MarkObjects: 2.229400 ms  DeleteObjects: 0.127900 ms)

========================================================================
Received Prepare
Registering precompiled user dll's ...
Registered in 0.008304 seconds.
Begin MonoManager ReloadAssembly
Native extension for WindowsStandalone target not found
Native extension for WebGL target not found
Refreshing native plugins compatible for Editor in 0.85 ms, found 3 plugins.
Preloading 0 native plugins for Editor in 0.00 ms.
Invoked RoslynAnalysisRunner static constructor.
RoslynAnalysisRunner will not be running.
RoslynAnalysisRunner has terminated.
Mono: successfully reloaded assembly
- Completed reload, in  1.368 seconds
Platform modules already initialized, skipping
Shader 'WFX/Transparent Specular': fallback shader 'Particles/Alpha Blended' not found
Shader 'WFX/Transparent Diffuse': fallback shader 'Particles/Alpha Blended' not found
Shader 'Universal Render Pipeline/Particles/Lit': fallback shader 'Universal Render Pipeline/Particles/SimpleLit' not found
Refreshing native plugins compatible for Editor in 0.75 ms, found 3 plugins.
Preloading 0 native plugins for Editor in 0.00 ms.
Unloading 3184 Unused Serialized files (Serialized files now loaded: 0)
System memory in use before: 143.1 MB.
System memory in use after: 143.3 MB.

Unloading 26 unused Assets to reduce memory usage. Loaded Objects now: 3906.
Total: 3.169900 ms (FindLiveObjects: 0.444400 ms CreateObjectMapping: 0.235200 ms MarkObjects: 2.367600 ms  DeleteObjects: 0.121800 ms)

========================================================================
Received Prepare
Registering precompiled user dll's ...
Registered in 0.009432 seconds.
Begin MonoManager ReloadAssembly
Native extension for WindowsStandalone target not found
Native extension for WebGL target not found
Refreshing native plugins compatible for Editor in 0.67 ms, found 3 plugins.
Preloading 0 native plugins for Editor in 0.00 ms.
Invoked RoslynAnalysisRunner static constructor.
RoslynAnalysisRunner will not be running.
RoslynAnalysisRunner has terminated.
Mono: successfully reloaded assembly
- Completed reload, in  1.251 seconds
Platform modules already initialized, skipping
Shader 'WFX/Transparent Specular': fallback shader 'Particles/Alpha Blended' not found
Shader 'WFX/Transparent Diffuse': fallback shader 'Particles/Alpha Blended' not found
Shader 'Universal Render Pipeline/Particles/Lit': fallback shader 'Universal Render Pipeline/Particles/SimpleLit' not found
Refreshing native plugins compatible for Editor in 0.82 ms, found 3 plugins.
Preloading 0 native plugins for Editor in 0.00 ms.
Unloading 3184 Unused Serialized files (Serialized files now loaded: 0)
System memory in use before: 143.2 MB.
System memory in use after: 143.3 MB.

Unloading 26 unused Assets to reduce memory usage. Loaded Objects now: 3910.
Total: 3.109100 ms (FindLiveObjects: 0.366500 ms CreateObjectMapping: 0.197400 ms MarkObjects: 2.425400 ms  DeleteObjects: 0.118200 ms)

========================================================================
Received Prepare
Registering precompiled user dll's ...
Registered in 0.008131 seconds.
Begin MonoManager ReloadAssembly
Native extension for WindowsStandalone target not found
Native extension for WebGL target not found
Refreshing native plugins compatible for Editor in 0.98 ms, found 3 plugins.
Preloading 0 native plugins for Editor in 0.00 ms.
Invoked RoslynAnalysisRunner static constructor.
RoslynAnalysisRunner will not be running.
RoslynAnalysisRunner has terminated.
Mono: successfully reloaded assembly
- Completed reload, in  1.479 seconds
Platform modules already initialized, skipping
Shader 'WFX/Transparent Specular': fallback shader 'Particles/Alpha Blended' not found
Shader 'WFX/Transparent Diffuse': fallback shader 'Particles/Alpha Blended' not found
Shader 'Universal Render Pipeline/Particles/Lit': fallback shader 'Universal Render Pipeline/Particles/SimpleLit' not found
Refreshing native plugins compatible for Editor in 1.15 ms, found 3 plugins.
Preloading 0 native plugins for Editor in 0.00 ms.
Unloading 3184 Unused Serialized files (Serialized files now loaded: 0)
System memory in use before: 143.2 MB.
System memory in use after: 143.3 MB.

Unloading 26 unused Assets to reduce memory usage. Loaded Objects now: 3914.
Total: 4.215400 ms (FindLiveObjects: 0.442700 ms CreateObjectMapping: 0.249400 ms MarkObjects: 3.394000 ms  DeleteObjects: 0.128000 ms)

========================================================================
Received Prepare
Registering precompiled user dll's ...
Registered in 0.012773 seconds.
Begin MonoManager ReloadAssembly
Native extension for WindowsStandalone target not found
Native extension for WebGL target not found
Refreshing native plugins compatible for Editor in 0.68 ms, found 3 plugins.
Preloading 0 native plugins for Editor in 0.00 ms.
Invoked RoslynAnalysisRunner static constructor.
RoslynAnalysisRunner will not be running.
RoslynAnalysisRunner has terminated.
Mono: successfully reloaded assembly
- Completed reload, in  1.263 seconds
Platform modules already initialized, skipping
Shader 'WFX/Transparent Specular': fallback shader 'Particles/Alpha Blended' not found
Shader 'WFX/Transparent Diffuse': fallback shader 'Particles/Alpha Blended' not found
Shader 'Universal Render Pipeline/Particles/Lit': fallback shader 'Universal Render Pipeline/Particles/SimpleLit' not found
Refreshing native plugins compatible for Editor in 0.91 ms, found 3 plugins.
Preloading 0 native plugins for Editor in 0.00 ms.
Unloading 3184 Unused Serialized files (Serialized files now loaded: 0)
System memory in use before: 143.2 MB.
System memory in use after: 143.3 MB.

Unloading 26 unused Assets to reduce memory usage. Loaded Objects now: 3918.
Total: 2.859000 ms (FindLiveObjects: 0.332900 ms CreateObjectMapping: 0.175700 ms MarkObjects: 2.230900 ms  DeleteObjects: 0.118100 ms)

========================================================================
Received Prepare
Registering precompiled user dll's ...
Registered in 0.007997 seconds.
Begin MonoManager ReloadAssembly
Native extension for WindowsStandalone target not found
Native extension for WebGL target not found
Refreshing native plugins compatible for Editor in 0.68 ms, found 3 plugins.
Preloading 0 native plugins for Editor in 0.00 ms.
Invoked RoslynAnalysisRunner static constructor.
RoslynAnalysisRunner will not be running.
RoslynAnalysisRunner has terminated.
Mono: successfully reloaded assembly
- Completed reload, in  1.290 seconds
Platform modules already initialized, skipping
Shader 'WFX/Transparent Specular': fallback shader 'Particles/Alpha Blended' not found
Shader 'WFX/Transparent Diffuse': fallback shader 'Particles/Alpha Blended' not found
Shader 'Universal Render Pipeline/Particles/Lit': fallback shader 'Universal Render Pipeline/Particles/SimpleLit' not found
Refreshing native plugins compatible for Editor in 1.06 ms, found 3 plugins.
Preloading 0 native plugins for Editor in 0.00 ms.
Unloading 3184 Unused Serialized files (Serialized files now loaded: 0)
System memory in use before: 143.2 MB.
System memory in use after: 143.3 MB.

Unloading 26 unused Assets to reduce memory usage. Loaded Objects now: 3922.
Total: 6.001700 ms (FindLiveObjects: 0.641900 ms CreateObjectMapping: 0.261600 ms MarkObjects: 4.967300 ms  DeleteObjects: 0.129300 ms)

========================================================================
Received Prepare
Registering precompiled user dll's ...
Registered in 0.013038 seconds.
Begin MonoManager ReloadAssembly
Native extension for WindowsStandalone target not found
Native extension for WebGL target not found
Refreshing native plugins compatible for Editor in 0.68 ms, found 3 plugins.
Preloading 0 native plugins for Editor in 0.00 ms.
Invoked RoslynAnalysisRunner static constructor.
RoslynAnalysisRunner will not be running.
RoslynAnalysisRunner has terminated.
Mono: successfully reloaded assembly
- Completed reload, in  1.216 seconds
Platform modules already initialized, skipping
Shader 'WFX/Transparent Specular': fallback shader 'Particles/Alpha Blended' not found
Shader 'WFX/Transparent Diffuse': fallback shader 'Particles/Alpha Blended' not found
Shader 'Universal Render Pipeline/Particles/Lit': fallback shader 'Universal Render Pipeline/Particles/SimpleLit' not found
Refreshing native plugins compatible for Editor in 0.88 ms, found 3 plugins.
Preloading 0 native plugins for Editor in 0.00 ms.
Unloading 3184 Unused Serialized files (Serialized files now loaded: 0)
System memory in use before: 143.2 MB.
System memory in use after: 143.3 MB.

Unloading 26 unused Assets to reduce memory usage. Loaded Objects now: 3926.
Total: 4.238700 ms (FindLiveObjects: 0.553500 ms CreateObjectMapping: 0.297800 ms MarkObjects: 3.253100 ms  DeleteObjects: 0.132900 ms)

========================================================================
Received Prepare
Shader 'WFX/Transparent Specular': fallback shader 'Particles/Alpha Blended' not found
Shader 'WFX/Transparent Diffuse': fallback shader 'Particles/Alpha Blended' not found
Shader 'Universal Render Pipeline/Particles/Lit': fallback shader 'Universal Render Pipeline/Particles/SimpleLit' not found
Refreshing native plugins compatible for Editor in 27.83 ms, found 3 plugins.
Preloading 0 native plugins for Editor in 0.00 ms.
Unloading 24 Unused Serialized files (Serialized files now loaded: 0)
System memory in use before: 80.9 MB.
System memory in use after: 81.0 MB.

Unloading 24 unused Assets to reduce memory usage. Loaded Objects now: 3926.
Total: 4.262900 ms (FindLiveObjects: 0.337600 ms CreateObjectMapping: 0.253700 ms MarkObjects: 3.513200 ms  DeleteObjects: 0.157200 ms)

========================================================================
Received Prepare
Shader 'WFX/Transparent Specular': fallback shader 'Particles/Alpha Blended' not found
Shader 'WFX/Transparent Diffuse': fallback shader 'Particles/Alpha Blended' not found
Shader 'Universal Render Pipeline/Particles/Lit': fallback shader 'Universal Render Pipeline/Particles/SimpleLit' not found
Refreshing native plugins compatible for Editor in 7.89 ms, found 3 plugins.
Preloading 0 native plugins for Editor in 0.00 ms.
Unloading 24 Unused Serialized files (Serialized files now loaded: 0)
System memory in use before: 80.9 MB.
System memory in use after: 81.0 MB.

Unloading 24 unused Assets to reduce memory usage. Loaded Objects now: 3926.
Total: 3.545600 ms (FindLiveObjects: 0.425600 ms CreateObjectMapping: 0.255000 ms MarkObjects: 2.752100 ms  DeleteObjects: 0.111600 ms)

========================================================================
Received Prepare
Shader 'WFX/Transparent Specular': fallback shader 'Particles/Alpha Blended' not found
Shader 'WFX/Transparent Diffuse': fallback shader 'Particles/Alpha Blended' not found
Shader 'Universal Render Pipeline/Particles/Lit': fallback shader 'Universal Render Pipeline/Particles/SimpleLit' not found
Refreshing native plugins compatible for Editor in 7.02 ms, found 3 plugins.
Preloading 0 native plugins for Editor in 0.00 ms.
Unloading 24 Unused Serialized files (Serialized files now loaded: 0)
System memory in use before: 80.9 MB.
System memory in use after: 81.0 MB.

Unloading 24 unused Assets to reduce memory usage. Loaded Objects now: 3926.
Total: 3.028900 ms (FindLiveObjects: 0.313200 ms CreateObjectMapping: 0.175300 ms MarkObjects: 2.415600 ms  DeleteObjects: 0.123000 ms)

========================================================================
Received Prepare
Shader 'WFX/Transparent Specular': fallback shader 'Particles/Alpha Blended' not found
Shader 'WFX/Transparent Diffuse': fallback shader 'Particles/Alpha Blended' not found
Shader 'Universal Render Pipeline/Particles/Lit': fallback shader 'Universal Render Pipeline/Particles/SimpleLit' not found
Refreshing native plugins compatible for Editor in 7.63 ms, found 3 plugins.
Preloading 0 native plugins for Editor in 0.00 ms.
Unloading 24 Unused Serialized files (Serialized files now loaded: 0)
System memory in use before: 80.9 MB.
System memory in use after: 81.0 MB.

Unloading 24 unused Assets to reduce memory usage. Loaded Objects now: 3926.
Total: 2.841100 ms (FindLiveObjects: 0.333400 ms CreateObjectMapping: 0.165400 ms MarkObjects: 2.218200 ms  DeleteObjects: 0.123000 ms)

========================================================================
Received Prepare
Registering precompiled user dll's ...
Registered in 0.011937 seconds.
Begin MonoManager ReloadAssembly
Native extension for WindowsStandalone target not found
Native extension for WebGL target not found
Refreshing native plugins compatible for Editor in 1.81 ms, found 3 plugins.
Preloading 0 native plugins for Editor in 0.00 ms.
Invoked RoslynAnalysisRunner static constructor.
RoslynAnalysisRunner will not be running.
RoslynAnalysisRunner has terminated.
Mono: successfully reloaded assembly
- Completed reload, in  1.384 seconds
Platform modules already initialized, skipping
Shader 'WFX/Transparent Specular': fallback shader 'Particles/Alpha Blended' not found
Shader 'WFX/Transparent Diffuse': fallback shader 'Particles/Alpha Blended' not found
Shader 'Universal Render Pipeline/Particles/Lit': fallback shader 'Universal Render Pipeline/Particles/SimpleLit' not found
Refreshing native plugins compatible for Editor in 0.80 ms, found 3 plugins.
Preloading 0 native plugins for Editor in 0.00 ms.
Unloading 3184 Unused Serialized files (Serialized files now loaded: 0)
System memory in use before: 143.2 MB.
System memory in use after: 143.4 MB.

Unloading 26 unused Assets to reduce memory usage. Loaded Objects now: 3930.
Total: 2.856800 ms (FindLiveObjects: 0.331700 ms CreateObjectMapping: 0.279300 ms MarkObjects: 2.126600 ms  DeleteObjects: 0.118000 ms)

========================================================================
Received Import Request.
  Time since last request: 2405.505888 seconds.
  path: Assets/3D_Room/ArcadeGameBGM#3/ArcadeGameBGM#3_Full.wav
  artifactKey: Guid(8184d0b9c17cfda4bafa3be04f59dcfb) Importer(815301076,1909f56bfc062723c751e8b465ee728b)
Start importing Assets/3D_Room/ArcadeGameBGM#3/ArcadeGameBGM#3_Full.wav using Guid(8184d0b9c17cfda4bafa3be04f59dcfb) Importer(815301076,1909f56bfc062723c751e8b465ee728b)  -> (artifact id: '9f70035c058b4498dd53860f5fdc7c17') in 0.324325 seconds
  Import took 0.359211 seconds .

========================================================================
Received Import Request.
  Time since last request: 0.000335 seconds.
  path: Assets/3D_Room/ArcadeGameBGM#3/ArcadeGameBGM#3_Loop.wav
  artifactKey: Guid(9669960e415ea604d81fb0784634df79) Importer(815301076,1909f56bfc062723c751e8b465ee728b)
Start importing Assets/3D_Room/ArcadeGameBGM#3/ArcadeGameBGM#3_Loop.wav using Guid(9669960e415ea604d81fb0784634df79) Importer(815301076,1909f56bfc062723c751e8b465ee728b)  -> (artifact id: '4d9fca1093fa001d4c510acbadbeee96') in 0.016452 seconds
  Import took 0.029948 seconds .

========================================================================
Received Import Request.
  Time since last request: 67.832860 seconds.
  path: Assets/3D_Room/Scripts
  artifactKey: Guid(d2711e0c43ad93c449b717b69598229b) Importer(815301076,1909f56bfc062723c751e8b465ee728b)
Start importing Assets/3D_Room/Scripts using Guid(d2711e0c43ad93c449b717b69598229b) Importer(815301076,1909f56bfc062723c751e8b465ee728b)  -> (artifact id: '4a1b5e279ecf769ce80ef510cd648342') in 0.007570 seconds
  Import took 0.047210 seconds .

========================================================================
Received Prepare
Registering precompiled user dll's ...
Registered in 0.014923 seconds.
Begin MonoManager ReloadAssembly
Native extension for WindowsStandalone target not found
Native extension for WebGL target not found
Refreshing native plugins compatible for Editor in 0.68 ms, found 3 plugins.
Preloading 0 native plugins for Editor in 0.00 ms.
Invoked RoslynAnalysisRunner static constructor.
RoslynAnalysisRunner will not be running.
RoslynAnalysisRunner has terminated.
Mono: successfully reloaded assembly
- Completed reload, in  2.436 seconds
Platform modules already initialized, skipping
Shader 'WFX/Transparent Specular': fallback shader 'Particles/Alpha Blended' not found
Shader 'WFX/Transparent Diffuse': fallback shader 'Particles/Alpha Blended' not found
Shader 'Universal Render Pipeline/Particles/Lit': fallback shader 'Universal Render Pipeline/Particles/SimpleLit' not found
Refreshing native plugins compatible for Editor in 0.89 ms, found 3 plugins.
Preloading 0 native plugins for Editor in 0.00 ms.
Unloading 3185 Unused Serialized files (Serialized files now loaded: 0)
System memory in use before: 143.3 MB.
System memory in use after: 143.5 MB.

Unloading 26 unused Assets to reduce memory usage. Loaded Objects now: 3938.
Total: 4.273400 ms (FindLiveObjects: 0.452300 ms CreateObjectMapping: 0.286300 ms MarkObjects: 3.381500 ms  DeleteObjects: 0.151800 ms)

========================================================================
Received Import Request.
  Time since last request: 23.165403 seconds.
  path: Assets/3D_Room/Scripts/Configure.cs
  artifactKey: Guid(f43312817857fbb479d4836447b0e96e) Importer(815301076,1909f56bfc062723c751e8b465ee728b)
Start importing Assets/3D_Room/Scripts/Configure.cs using Guid(f43312817857fbb479d4836447b0e96e) Importer(815301076,1909f56bfc062723c751e8b465ee728b)  -> (artifact id: '8cf30e098c1723db694af4e10612816c') in 0.152764 seconds
  Import took 0.205609 seconds .

========================================================================
Received Prepare
Registering precompiled user dll's ...
Registered in 0.010590 seconds.
Begin MonoManager ReloadAssembly
Native extension for WindowsStandalone target not found
Native extension for WebGL target not found
Refreshing native plugins compatible for Editor in 0.71 ms, found 3 plugins.
Preloading 0 native plugins for Editor in 0.00 ms.
Invoked RoslynAnalysisRunner static constructor.
RoslynAnalysisRunner will not be running.
RoslynAnalysisRunner has terminated.
Mono: successfully reloaded assembly
- Completed reload, in  1.320 seconds
Platform modules already initialized, skipping
Shader 'WFX/Transparent Specular': fallback shader 'Particles/Alpha Blended' not found
Shader 'WFX/Transparent Diffuse': fallback shader 'Particles/Alpha Blended' not found
Shader 'Universal Render Pipeline/Particles/Lit': fallback shader 'Universal Render Pipeline/Particles/SimpleLit' not found
Refreshing native plugins compatible for Editor in 1.06 ms, found 3 plugins.
Preloading 0 native plugins for Editor in 0.00 ms.
Unloading 3185 Unused Serialized files (Serialized files now loaded: 0)
System memory in use before: 143.3 MB.
System memory in use after: 143.5 MB.

Unloading 26 unused Assets to reduce memory usage. Loaded Objects now: 3942.
Total: 3.661400 ms (FindLiveObjects: 0.630500 ms CreateObjectMapping: 0.239200 ms MarkObjects: 2.647800 ms  DeleteObjects: 0.141700 ms)

========================================================================
Received Prepare
Registering precompiled user dll's ...
Registered in 0.014208 seconds.
Begin MonoManager ReloadAssembly
Native extension for WindowsStandalone target not found
Native extension for WebGL target not found
Refreshing native plugins compatible for Editor in 0.67 ms, found 3 plugins.
Preloading 0 native plugins for Editor in 0.00 ms.
Invoked RoslynAnalysisRunner static constructor.
RoslynAnalysisRunner will not be running.
RoslynAnalysisRunner has terminated.
Mono: successfully reloaded assembly
- Completed reload, in  1.302 seconds
Platform modules already initialized, skipping
Shader 'WFX/Transparent Specular': fallback shader 'Particles/Alpha Blended' not found
Shader 'WFX/Transparent Diffuse': fallback shader 'Particles/Alpha Blended' not found
Shader 'Universal Render Pipeline/Particles/Lit': fallback shader 'Universal Render Pipeline/Particles/SimpleLit' not found
Refreshing native plugins compatible for Editor in 0.81 ms, found 3 plugins.
Preloading 0 native plugins for Editor in 0.00 ms.
Unloading 3184 Unused Serialized files (Serialized files now loaded: 0)
System memory in use before: 143.3 MB.
System memory in use after: 143.4 MB.

Unloading 27 unused Assets to reduce memory usage. Loaded Objects now: 3945.
Total: 2.731500 ms (FindLiveObjects: 0.312300 ms CreateObjectMapping: 0.162900 ms MarkObjects: 2.134900 ms  DeleteObjects: 0.120300 ms)

========================================================================
Received Import Request.
  Time since last request: 21.454599 seconds.
  path: Assets/3D_Room/Scripts/Configuration.cs
  artifactKey: Guid(8d535531dff264e40b40329a3192a105) Importer(815301076,1909f56bfc062723c751e8b465ee728b)
Start importing Assets/3D_Room/Scripts/Configuration.cs using Guid(8d535531dff264e40b40329a3192a105) Importer(815301076,1909f56bfc062723c751e8b465ee728b)  -> (artifact id: 'e88ea3010c275fefe132ded1c306e676') in 0.060987 seconds
  Import took 0.090318 seconds .

========================================================================
Received Prepare
Registering precompiled user dll's ...
Registered in 0.010070 seconds.
Begin MonoManager ReloadAssembly
Native extension for WindowsStandalone target not found
Native extension for WebGL target not found
Refreshing native plugins compatible for Editor in 0.85 ms, found 3 plugins.
Preloading 0 native plugins for Editor in 0.00 ms.
Invoked RoslynAnalysisRunner static constructor.
RoslynAnalysisRunner will not be running.
RoslynAnalysisRunner has terminated.
Mono: successfully reloaded assembly
- Completed reload, in  1.830 seconds
Platform modules already initialized, skipping
Shader 'WFX/Transparent Specular': fallback shader 'Particles/Alpha Blended' not found
Shader 'WFX/Transparent Diffuse': fallback shader 'Particles/Alpha Blended' not found
Shader 'Universal Render Pipeline/Particles/Lit': fallback shader 'Universal Render Pipeline/Particles/SimpleLit' not found
Refreshing native plugins compatible for Editor in 0.79 ms, found 3 plugins.
Preloading 0 native plugins for Editor in 0.00 ms.
Unloading 3185 Unused Serialized files (Serialized files now loaded: 0)
System memory in use before: 143.4 MB.
System memory in use after: 143.5 MB.

Unloading 26 unused Assets to reduce memory usage. Loaded Objects now: 3950.
Total: 3.182800 ms (FindLiveObjects: 0.465600 ms CreateObjectMapping: 0.284400 ms MarkObjects: 2.311600 ms  DeleteObjects: 0.119300 ms)

========================================================================
Received Prepare
Registering precompiled user dll's ...
Registered in 0.014791 seconds.
Begin MonoManager ReloadAssembly
Native extension for WindowsStandalone target not found
Native extension for WebGL target not found
Refreshing native plugins compatible for Editor in 0.72 ms, found 3 plugins.
Preloading 0 native plugins for Editor in 0.00 ms.
Invoked RoslynAnalysisRunner static constructor.
RoslynAnalysisRunner will not be running.
RoslynAnalysisRunner has terminated.
Mono: successfully reloaded assembly
- Completed reload, in  1.325 seconds
Platform modules already initialized, skipping
Shader 'WFX/Transparent Specular': fallback shader 'Particles/Alpha Blended' not found
Shader 'WFX/Transparent Diffuse': fallback shader 'Particles/Alpha Blended' not found
Shader 'Universal Render Pipeline/Particles/Lit': fallback shader 'Universal Render Pipeline/Particles/SimpleLit' not found
Refreshing native plugins compatible for Editor in 0.83 ms, found 3 plugins.
Preloading 0 native plugins for Editor in 0.00 ms.
Unloading 3185 Unused Serialized files (Serialized files now loaded: 0)
System memory in use before: 143.4 MB.
System memory in use after: 143.5 MB.

Unloading 26 unused Assets to reduce memory usage. Loaded Objects now: 3954.
Total: 3.173800 ms (FindLiveObjects: 0.505000 ms CreateObjectMapping: 0.202700 ms MarkObjects: 2.326600 ms  DeleteObjects: 0.136200 ms)

========================================================================
Received Prepare
Registering precompiled user dll's ...
Registered in 0.009770 seconds.
Begin MonoManager ReloadAssembly
Native extension for WindowsStandalone target not found
Native extension for WebGL target not found
Refreshing native plugins compatible for Editor in 0.67 ms, found 3 plugins.
Preloading 0 native plugins for Editor in 0.00 ms.
Invoked RoslynAnalysisRunner static constructor.
RoslynAnalysisRunner will not be running.
RoslynAnalysisRunner has terminated.
Mono: successfully reloaded assembly
- Completed reload, in  1.236 seconds
Platform modules already initialized, skipping
Shader 'WFX/Transparent Specular': fallback shader 'Particles/Alpha Blended' not found
Shader 'WFX/Transparent Diffuse': fallback shader 'Particles/Alpha Blended' not found
Shader 'Universal Render Pipeline/Particles/Lit': fallback shader 'Universal Render Pipeline/Particles/SimpleLit' not found
Refreshing native plugins compatible for Editor in 0.93 ms, found 3 plugins.
Preloading 0 native plugins for Editor in 0.00 ms.
Unloading 3185 Unused Serialized files (Serialized files now loaded: 0)
System memory in use before: 143.4 MB.
System memory in use after: 143.5 MB.

Unloading 26 unused Assets to reduce memory usage. Loaded Objects now: 3958.
Total: 3.751100 ms (FindLiveObjects: 0.325400 ms CreateObjectMapping: 0.297300 ms MarkObjects: 3.007800 ms  DeleteObjects: 0.119600 ms)

========================================================================
Received Prepare
Registering precompiled user dll's ...
Registered in 0.010820 seconds.
Begin MonoManager ReloadAssembly
Native extension for WindowsStandalone target not found
Native extension for WebGL target not found
Refreshing native plugins compatible for Editor in 1.11 ms, found 3 plugins.
Preloading 0 native plugins for Editor in 0.00 ms.
Invoked RoslynAnalysisRunner static constructor.
RoslynAnalysisRunner will not be running.
RoslynAnalysisRunner has terminated.
Mono: successfully reloaded assembly
- Completed reload, in  5.782 seconds
Platform modules already initialized, skipping
Shader 'WFX/Transparent Specular': fallback shader 'Particles/Alpha Blended' not found
Shader 'WFX/Transparent Diffuse': fallback shader 'Particles/Alpha Blended' not found
Shader 'Universal Render Pipeline/Particles/Lit': fallback shader 'Universal Render Pipeline/Particles/SimpleLit' not found
Refreshing native plugins compatible for Editor in 1.62 ms, found 3 plugins.
Preloading 0 native plugins for Editor in 0.00 ms.
Unloading 3185 Unused Serialized files (Serialized files now loaded: 0)
System memory in use before: 143.4 MB.
System memory in use after: 143.5 MB.

Unloading 26 unused Assets to reduce memory usage. Loaded Objects now: 3962.
Total: 3.017000 ms (FindLiveObjects: 0.329600 ms CreateObjectMapping: 0.214800 ms MarkObjects: 2.345300 ms  DeleteObjects: 0.125800 ms)

========================================================================
Received Prepare
Shader 'WFX/Transparent Specular': fallback shader 'Particles/Alpha Blended' not found
Shader 'WFX/Transparent Diffuse': fallback shader 'Particles/Alpha Blended' not found
Shader 'Universal Render Pipeline/Particles/Lit': fallback shader 'Universal Render Pipeline/Particles/SimpleLit' not found
Refreshing native plugins compatible for Editor in 6.71 ms, found 3 plugins.
Preloading 0 native plugins for Editor in 0.00 ms.
Unloading 24 Unused Serialized files (Serialized files now loaded: 0)
System memory in use before: 81.1 MB.
System memory in use after: 81.2 MB.

Unloading 24 unused Assets to reduce memory usage. Loaded Objects now: 3962.
Total: 2.867700 ms (FindLiveObjects: 0.304800 ms CreateObjectMapping: 0.166600 ms MarkObjects: 2.277900 ms  DeleteObjects: 0.117100 ms)

========================================================================
Received Prepare
Registering precompiled user dll's ...
Registered in 0.288219 seconds.
Begin MonoManager ReloadAssembly
Native extension for WindowsStandalone target not found
Native extension for WebGL target not found
Refreshing native plugins compatible for Editor in 0.69 ms, found 3 plugins.
Preloading 0 native plugins for Editor in 0.00 ms.
Invoked RoslynAnalysisRunner static constructor.
RoslynAnalysisRunner will not be running.
RoslynAnalysisRunner has terminated.
Mono: successfully reloaded assembly
- Completed reload, in  2.462 seconds
Platform modules already initialized, skipping
Shader 'WFX/Transparent Specular': fallback shader 'Particles/Alpha Blended' not found
Shader 'WFX/Transparent Diffuse': fallback shader 'Particles/Alpha Blended' not found
Shader 'Universal Render Pipeline/Particles/Lit': fallback shader 'Universal Render Pipeline/Particles/SimpleLit' not found
Refreshing native plugins compatible for Editor in 0.79 ms, found 3 plugins.
Preloading 0 native plugins for Editor in 0.00 ms.
Unloading 3185 Unused Serialized files (Serialized files now loaded: 0)
System memory in use before: 143.4 MB.
System memory in use after: 143.5 MB.

Unloading 26 unused Assets to reduce memory usage. Loaded Objects now: 3966.
Total: 2.974100 ms (FindLiveObjects: 0.329200 ms CreateObjectMapping: 0.179100 ms MarkObjects: 2.344200 ms  DeleteObjects: 0.120600 ms)

AssetImportWorkerClient::OnTransportError - code=2 error=End of file
